<?xml version="1.0" encoding="UTF-8"?>
<!-- Generated by org.testng.reporters.JUnitReportReporter -->
<testsuite skipped="0" hostname="Rohans-MacBook-Pro.local" name="com.demoaut.newtours.testcases.LoginTest" tests="3" failures="0" timestamp="01 Jul 2019 02:37:39 GMT" time="7.228" errors="0">
  <testcase name="loginToMercuryTours" time="5.753" classname="com.demoaut.newtours.testcases.LoginTest"/>
  <testcase name="findFlightTest" time="0.761" classname="com.demoaut.newtours.testcases.LoginTest"/>
  <testcase name="selectFlightTest" time="0.714" classname="com.demoaut.newtours.testcases.LoginTest"/>
</testsuite> <!-- com.demoaut.newtours.testcases.LoginTest -->
